Environment variables:
  - =::=::\
  - =C:=C:\mentorRepository\Java_Mentors_Tasks
  - ALLUSERSPROFILE=C:\ProgramData
  - APPDATA=C:\Users\dima_\AppData\Roaming
  - CATALINA_HOME=C:\javaWeb\apache-tomcat
  - COMPUTERNAME=DESKTOP-UQSCE5U
  - ComSpec=C:\Windows\system32\cmd.exe
  - CommonProgramFiles=C:\Program Files\Common Files
  - CommonProgramFiles(x86)=C:\Program Files (x86)\Common Files
  - CommonProgramW6432=C:\Program Files\Common Files
  - DriverData=C:\Windows\System32\Drivers\DriverData
  - ERROR_CODE=0
  - FPS_BROWSER_APP_PROFILE_STRING=Internet Explorer
  - FPS_BROWSER_USER_PROFILE_STRING=Default
  - HOMEDRIVE=C:
  - HOMEPATH=\Users\dima_
  - JAVA_EXEC="C:\Program Files\Java\jdk1.8.0_181\bin\java.exe"
  - JAVA_HOME=C:\Program Files\Java\jdk1.8.0_181
  - JRE_HOME=C:\Program Files\Java\jre1.8.0_181
  - LOCALAPPDATA=C:\Users\dima_\AppData\Local
  - LOGONSERVER=\\DESKTOP-UQSCE5U
  - M2_HOME=C:\NEWFILE\apache-maven-3.6.1
  - MYSQLCONNECTOR_ASSEMBLIESPATH=C:\Program Files (x86)\MySQL\Connector NET 8.0\Assemblies\v4.5.2
  - NUMBER_OF_PROCESSORS=8
  - OS=Windows_NT
  - OneDrive=C:\Users\dima_\OneDrive
  - OneDriveConsumer=C:\Users\dima_\OneDrive
  - PATHEXT=.COM;.EXE;.BAT;.CMD;.VBS;.VBE;.JS;.JSE;.WSF;.WSH;.MSC
  - PROCESSOR_ARCHITECTURE=AMD64
  - PROCESSOR_IDENTIFIER=Intel64 Family 6 Model 142 Stepping 10, GenuineIntel
  - PROCESSOR_LEVEL=6
  - PROCESSOR_REVISION=8e0a
  - PROJECT_HOME=C:\mentorRepository\Java_Mentors_Tasks
  - PROMPT=$P$G
  - PSModulePath=C:\Program Files\WindowsPowerShell\Modules;C:\Windows\system32\WindowsPowerShell\v1.0\Modules;c:\Program Files (x86)\Microsoft SQL Server\110\Tools\PowerShell\Modules\
  - PUBLIC=C:\Users\Public
  - Path=C:\ProgramData\Oracle\Java\javapath;C:\Program Files (x86)\Common Files\Oracle\Java\javapath;C:\Windows\system32;C:\Windows;C:\Windows\System32\Wbem;C:\Windows\System32\WindowsPowerShell\v1.0\;C:\Windows\System32\OpenSSH\;C:\Windows\system32\config\systemprofile\.dnx\bin;C:\Program Files\Microsoft DNX\Dnvm\;C:\Program Files (x86)\Windows Kits\8.1\Windows Performance Toolkit\;C:\Program Files\MATLAB\R2015b\runtime\win64;C:\Program Files\MATLAB\R2015b\bin;C:\Program Files\MATLAB\R2015b\polyspace\bin;C:\Program Files\MySQL\MySQL Utilities 1.6\;c:\Program Files (x86)\Microsoft SQL Server\110\Tools\Binn\;c:\Program Files (x86)\Microsoft SQL Server\110\DTS\Binn\;c:\Program Files (x86)\Microsoft SQL Server\110\Tools\Binn\ManagementStudio\;C:\NEWFILE\apache-maven-3.6.1;C:\Program Files\Git\cmd;C:\lib\gradle-5.5\bin;C:\NEWFILE\sonar\sonar-scanner-2.6.1\bin;C:\Users\dima_\AppData\Local\Microsoft\WindowsApps;C:\NEWFILE\apache-maven-3.6.1\bin;C:\NEWFILE\sonar\sonar-scanner-2.6.1\bin;
  - ProgramData=C:\ProgramData
  - ProgramFiles=C:\Program Files
  - ProgramFiles(x86)=C:\Program Files (x86)
  - ProgramW6432=C:\Program Files
  - SESSIONNAME=Console
  - SONAR_SCANNER_HOME=C:\NEWFILE\sonar\sonar-scanner-2.6.1\bin\..
  - SystemDrive=C:
  - SystemRoot=C:\Windows
  - TEMP=C:\Users\dima_\AppData\Local\Temp
  - TMP=C:\Users\dima_\AppData\Local\Temp
  - USERDOMAIN=DESKTOP-UQSCE5U
  - USERDOMAIN_ROAMINGPROFILE=DESKTOP-UQSCE5U
  - USERNAME=Dima
  - USERPROFILE=C:\Users\dima_
  - VS140COMNTOOLS=C:\Program Files (x86)\Microsoft Visual Studio 14.0\Common7\Tools\
  - windir=C:\Windows
System properties:
  - awt.toolkit=sun.awt.windows.WToolkit
  - file.encoding=Cp1251
  - file.encoding.pkg=sun.io
  - file.separator=\
  - java.awt.graphicsenv=sun.awt.Win32GraphicsEnvironment
  - java.awt.headless=true
  - java.awt.printerjob=sun.awt.windows.WPrinterJob
  - java.class.path=C:\NEWFILE\sonar\sonar-scanner-2.6.1\bin\..\lib\sonar-scanner-cli-2.6.1.jar
  - java.class.version=52.0
  - java.endorsed.dirs=C:\Program Files\Java\jdk1.8.0_181\jre\lib\endorsed
  - java.ext.dirs=C:\Program Files\Java\jdk1.8.0_181\jre\lib\ext;C:\Windows\Sun\Java\lib\ext
  - java.home=C:\Program Files\Java\jdk1.8.0_181\jre
  - java.io.tmpdir=C:\Users\dima_\AppData\Local\Temp\
  - java.library.path=C:\Program Files\Java\jdk1.8.0_181\bin;C:\Windows\Sun\Java\bin;C:\Windows\system32;C:\Windows;C:\ProgramData\Oracle\Java\javapath;C:\Program Files (x86)\Common Files\Oracle\Java\javapath;C:\Windows\system32;C:\Windows;C:\Windows\System32\Wbem;C:\Windows\System32\WindowsPowerShell\v1.0\;C:\Windows\System32\OpenSSH\;C:\Windows\system32\config\systemprofile\.dnx\bin;C:\Program Files\Microsoft DNX\Dnvm\;C:\Program Files (x86)\Windows Kits\8.1\Windows Performance Toolkit\;C:\Program Files\MATLAB\R2015b\runtime\win64;C:\Program Files\MATLAB\R2015b\bin;C:\Program Files\MATLAB\R2015b\polyspace\bin;C:\Program Files\MySQL\MySQL Utilities 1.6\;c:\Program Files (x86)\Microsoft SQL Server\110\Tools\Binn\;c:\Program Files (x86)\Microsoft SQL Server\110\DTS\Binn\;c:\Program Files (x86)\Microsoft SQL Server\110\Tools\Binn\ManagementStudio\;C:\NEWFILE\apache-maven-3.6.1;C:\Program Files\Git\cmd;C:\lib\gradle-5.5\bin;C:\NEWFILE\sonar\sonar-scanner-2.6.1\bin;C:\Users\dima_\AppData\Local\Microsoft\WindowsApps;C:\NEWFILE\apache-maven-3.6.1\bin;C:\NEWFILE\sonar\sonar-scanner-2.6.1\bin;;.
  - java.runtime.name=Java(TM) SE Runtime Environment
  - java.runtime.version=1.8.0_181-b13
  - java.specification.name=Java Platform API Specification
  - java.specification.vendor=Oracle Corporation
  - java.specification.version=1.8
  - java.vendor=Oracle Corporation
  - java.vendor.url=http://java.oracle.com/
  - java.vendor.url.bug=http://bugreport.sun.com/bugreport/
  - java.version=1.8.0_181
  - java.vm.info=mixed mode
  - java.vm.name=Java HotSpot(TM) 64-Bit Server VM
  - java.vm.specification.name=Java Virtual Machine Specification
  - java.vm.specification.vendor=Oracle Corporation
  - java.vm.specification.version=1.8
  - java.vm.vendor=Oracle Corporation
  - java.vm.version=25.181-b13
  - line.separator=

  - os.arch=amd64
  - os.name=Windows 10
  - os.version=10.0
  - path.separator=;
  - project.home=C:\mentorRepository\Java_Mentors_Tasks
  - scanner.home=C:\NEWFILE\sonar\sonar-scanner-2.6.1\bin\..
  - sun.arch.data.model=64
  - sun.boot.class.path=C:\Program Files\Java\jdk1.8.0_181\jre\lib\resources.jar;C:\Program Files\Java\jdk1.8.0_181\jre\lib\rt.jar;C:\Program Files\Java\jdk1.8.0_181\jre\lib\sunrsasign.jar;C:\Program Files\Java\jdk1.8.0_181\jre\lib\jsse.jar;C:\Program Files\Java\jdk1.8.0_181\jre\lib\jce.jar;C:\Program Files\Java\jdk1.8.0_181\jre\lib\charsets.jar;C:\Program Files\Java\jdk1.8.0_181\jre\lib\jfr.jar;C:\Program Files\Java\jdk1.8.0_181\jre\classes
  - sun.boot.library.path=C:\Program Files\Java\jdk1.8.0_181\jre\bin
  - sun.cpu.endian=little
  - sun.cpu.isalist=amd64
  - sun.desktop=windows
  - sun.io.unicode.encoding=UnicodeLittle
  - sun.java.command=org.sonarsource.scanner.cli.Main
  - sun.java.launcher=SUN_STANDARD
  - sun.jnu.encoding=Cp1251
  - sun.management.compiler=HotSpot 64-Bit Tiered Compilers
  - sun.os.patch.level=
  - sun.stderr.encoding=cp866
  - sun.stdout.encoding=cp866
  - user.country=RU
  - user.dir=C:\mentorRepository\Java_Mentors_Tasks
  - user.home=C:\Users\dima_
  - user.language=ru
  - user.name=Dima
  - user.script=
  - user.timezone=Europe/Minsk
  - user.variant=
SonarQube plugins:
  - C# 4.4 (csharp)
  - Java 3.10 (java)
  - SVN 1.2 (scmsvn)
  - Git 1.0 (scmgit)
  - JavaScript 2.10 (javascript)
Settings for module: runnerR:rest
  - sonar.binaries=C:/mentorRepository/Java_Mentors_Tasks/build/classes
  - sonar.core.id=20190809155639
  - sonar.core.startTime=2019-08-09T15:56:39+0300
  - sonar.core.version=5.4
  - sonar.host.url=http://localhost:9000
  - sonar.jacoco.reportPath=C:/mentorRepository/Java_Mentors_Tasks/build/jacoco/jacoco.exec
  - sonar.java.coveragePlugin=jacoco
  - sonar.junit.reportsPath=C:/mentorRepository/Java_Mentors_Tasks/build/classes
  - sonar.language=java
  - sonar.moduleKey=runnerR:rest
  - sonar.modules=rest,repository,src
  - sonar.permission.template.default=default_template
  - sonar.projectBaseDir=C:\mentorRepository\Java_Mentors_Tasks\rest
  - sonar.projectKey=runnerR:rest
  - sonar.projectName=runnerRest
  - sonar.projectVersion=1.0
  - sonar.qualitygate=1
  - sonar.sourceEncoding=UTF-8
  - sonar.sources=C:/mentorRepository/Java_Mentors_Tasks/rest/src
  - sonar.surefire.reportsPath=C:/mentorRepository/Java_Mentors_Tasks/build/reports
  - sonar.tests=src/test
  - sonar.verbose=true
  - sonar.working.directory=C:\mentorRepository\Java_Mentors_Tasks\.sonar
